<?xml version="1.0" encoding="UTF-8"?>
<!-- Generated by org.testng.reporters.JUnitReportReporter -->
<testsuite skipped="0" hostname="DESKTOP-KKC79KB" name="phpTravels.test.pack.PhpTravelsAccountRegisterTest" tests="1" failures="0" timestamp="27 Oct 2018 00:49:06 GMT" time="3.655" errors="0">
  <testcase name="executeTest" time="3.655" classname="phpTravels.test.pack.PhpTravelsAccountRegisterTest"/>
</testsuite> <!-- phpTravels.test.pack.PhpTravelsAccountRegisterTest -->
