<?xml version="1.0" encoding="UTF-8"?>
<!-- Generated by org.testng.reporters.JUnitReportReporter -->
<testsuite skipped="0" hostname="DESKTOP-KKC79KB" name="phpTravels.test.pack.PhpTravelsPasswordForgetTest" tests="1" failures="0" timestamp="25 Oct 2018 16:56:45 GMT" time="1.245" errors="0">
  <testcase name="phpTravelsURL" time="1.245" classname="phpTravels.test.pack.PhpTravelsPasswordForgetTest"/>
</testsuite> <!-- phpTravels.test.pack.PhpTravelsPasswordForgetTest -->
