<?xml version="1.0" encoding="UTF-8"?>
<!-- Generated by org.testng.reporters.JUnitReportReporter -->
<testsuite skipped="0" hostname="DESKTOP-KKC79KB" name="phpTravels.test.pack.PhpTravelsLoginTest" tests="1" failures="0" timestamp="25 Oct 2018 15:07:16 GMT" time="1.215" errors="0">
  <testcase name="phpTravelsVerifyPage" time="1.215" classname="phpTravels.test.pack.PhpTravelsLoginTest"/>
</testsuite> <!-- phpTravels.test.pack.PhpTravelsLoginTest -->
